This file contains any messages produced by compilers while
running configure, to aid debugging if configure makes a mistake.

It was created by nlopt configure 2.4.2, which was
generated by GNU Autoconf 2.69.  Invocation command line was

  $ ./configure --prefix=/vagrant/obfmu/install

## --------- ##
## Platform. ##
## --------- ##

hostname = cbes-test
uname -m = x86_64
uname -r = 3.19.0-25-generic
uname -s = Linux
uname -v = #26~14.04.1-Ubuntu SMP Fri Jul 24 21:16:20 UTC 2015

/usr/bin/uname -p = unknown
/bin/uname -X     = unknown

/bin/arch              = unknown
/usr/bin/arch -k       = unknown
/usr/convex/getsysinfo = unknown
/usr/bin/hostinfo      = unknown
/bin/machine           = unknown
/usr/bin/oslevel       = unknown
/bin/universe          = unknown

PATH: /home/vagrant/.rvm/gems/ruby-2.0.0-p648/bin
PATH: /home/vagrant/.rvm/gems/ruby-2.0.0-p648@global/bin
PATH: /home/vagrant/.rvm/rubies/ruby-2.0.0-p648/bin
PATH: /usr/local/sbin
PATH: /usr/local/bin
PATH: /usr/sbin
PATH: /usr/bin
PATH: /sbin
PATH: /bin
PATH: /usr/games
PATH: /usr/local/games
PATH: /home/vagrant/.rvm/bin
PATH: /home/vagrant/.rvm/bin


## ----------- ##
## Core tests. ##
## ----------- ##

configure:2707: checking for a BSD-compatible install
configure:2775: result: /usr/bin/install -c
configure:2786: checking whether build environment is sane
configure:2841: result: yes
configure:2992: checking for a thread-safe mkdir -p
configure:3031: result: /bin/mkdir -p
configure:3038: checking for gawk
configure:3054: found /usr/bin/gawk
configure:3065: result: gawk
configure:3076: checking whether make sets $(MAKE)
configure:3098: result: yes
configure:3127: checking whether make supports nested variables
configure:3144: result: yes
configure:3273: checking whether to enable maintainer-specific portions of Makefiles
configure:3282: result: no
configure:3375: checking for gcc
configure:3391: found /usr/bin/gcc
configure:3402: result: gcc
configure:3631: checking for C compiler version
configure:3640: gcc --version >&5
gcc (Ubuntu 4.8.4-2ubuntu1~14.04.3) 4.8.4
Copyright (C) 2013 Free Software Foundation, Inc.
This is free software; see the source for copying conditions.  There is NO
warranty; not even for MERCHANTABILITY or FITNESS FOR A PARTICULAR PURPOSE.

configure:3651: $? = 0
configure:3640: gcc -v >&5
Using built-in specs.
COLLECT_GCC=gcc
COLLECT_LTO_WRAPPER=/usr/lib/gcc/x86_64-linux-gnu/4.8/lto-wrapper
Target: x86_64-linux-gnu
Configured with: ../src/configure -v --with-pkgversion='Ubuntu 4.8.4-2ubuntu1~14.04.3' --with-bugurl=file:///usr/share/doc/gcc-4.8/README.Bugs --enable-languages=c,c++,java,go,d,fortran,objc,obj-c++ --prefix=/usr --program-suffix=-4.8 --enable-shared --enable-linker-build-id --libexecdir=/usr/lib --without-included-gettext --enable-threads=posix --with-gxx-include-dir=/usr/include/c++/4.8 --libdir=/usr/lib --enable-nls --with-sysroot=/ --enable-clocale=gnu --enable-libstdcxx-debug --enable-libstdcxx-time=yes --enable-gnu-unique-object --disable-libmudflap --enable-plugin --with-system-zlib --disable-browser-plugin --enable-java-awt=gtk --enable-gtk-cairo --with-java-home=/usr/lib/jvm/java-1.5.0-gcj-4.8-amd64/jre --enable-java-home --with-jvm-root-dir=/usr/lib/jvm/java-1.5.0-gcj-4.8-amd64 --with-jvm-jar-dir=/usr/lib/jvm-exports/java-1.5.0-gcj-4.8-amd64 --with-arch-directory=amd64 --with-ecj-jar=/usr/share/java/eclipse-ecj.jar --enable-objc-gc --enable-multiarch --disable-werror --with-arch-32=i686 --with-abi=m64 --with-multilib-list=m32,m64,mx32 --with-tune=generic --enable-checking=release --build=x86_64-linux-gnu --host=x86_64-linux-gnu --target=x86_64-linux-gnu
Thread model: posix
gcc version 4.8.4 (Ubuntu 4.8.4-2ubuntu1~14.04.3) 
configure:3651: $? = 0
configure:3640: gcc -V >&5
gcc: error: unrecognized command line option '-V'
gcc: fatal error: no input files
compilation terminated.
configure:3651: $? = 4
configure:3640: gcc -qversion >&5
gcc: error: unrecognized command line option '-qversion'
gcc: fatal error: no input files
compilation terminated.
configure:3651: $? = 4
configure:3671: checking whether the C compiler works
configure:3693: gcc    conftest.c  >&5
configure:3697: $? = 0
configure:3745: result: yes
configure:3748: checking for C compiler default output file name
configure:3750: result: a.out
configure:3756: checking for suffix of executables
configure:3763: gcc -o conftest    conftest.c  >&5
configure:3767: $? = 0
configure:3789: result: 
configure:3811: checking whether we are cross compiling
configure:3819: gcc -o conftest    conftest.c  >&5
configure:3823: $? = 0
configure:3830: ./conftest
configure:3834: $? = 0
configure:3849: result: no
configure:3854: checking for suffix of object files
configure:3876: gcc -c   conftest.c >&5
configure:3880: $? = 0
configure:3901: result: o
configure:3905: checking whether we are using the GNU C compiler
configure:3924: gcc -c   conftest.c >&5
configure:3924: $? = 0
configure:3933: result: yes
configure:3942: checking whether gcc accepts -g
configure:3962: gcc -c -g  conftest.c >&5
configure:3962: $? = 0
configure:4003: result: yes
configure:4020: checking for gcc option to accept ISO C89
configure:4083: gcc  -c -g -O2  conftest.c >&5
configure:4083: $? = 0
configure:4096: result: none needed
configure:4121: checking whether gcc understands -c and -o together
configure:4143: gcc -c conftest.c -o conftest2.o
configure:4146: $? = 0
configure:4143: gcc -c conftest.c -o conftest2.o
configure:4146: $? = 0
configure:4158: result: yes
configure:4186: checking for style of include used by make
configure:4214: result: GNU
configure:4240: checking dependency style of gcc
configure:4351: result: none
configure:4370: checking for gcc option to accept ISO C99
configure:4519: gcc  -c -g -O2  conftest.c >&5
conftest.c:61:29: error: expected ';', ',' or ')' before 'text'
 test_restrict (ccp restrict text)
                             ^
conftest.c: In function 'main':
conftest.c:115:18: error: expected '=', ',', ';', 'asm' or '__attribute__' before 'newvar'
   char *restrict newvar = "Another string";
                  ^
conftest.c:115:18: error: 'newvar' undeclared (first use in this function)
conftest.c:115:18: note: each undeclared identifier is reported only once for each function it appears in
conftest.c:125:3: error: 'for' loop initial declarations are only allowed in C99 mode
   for (int i = 0; i < ia->datasize; ++i)
   ^
conftest.c:125:3: note: use option -std=c99 or -std=gnu99 to compile your code
configure:4519: $? = 1
configure: failed program was:
| /* confdefs.h */
| #define PACKAGE_NAME "nlopt"
| #define PACKAGE_TARNAME "nlopt"
| #define PACKAGE_VERSION "2.4.2"
| #define PACKAGE_STRING "nlopt 2.4.2"
| #define PACKAGE_BUGREPORT "stevenj@alum.mit.edu"
| #define PACKAGE_URL ""
| #define PACKAGE "nlopt"
| #define VERSION "2.4.2"
| /* end confdefs.h.  */
| #include <stdarg.h>
| #include <stdbool.h>
| #include <stdlib.h>
| #include <wchar.h>
| #include <stdio.h>
| 
| // Check varargs macros.  These examples are taken from C99 6.10.3.5.
| #define debug(...) fprintf (stderr, __VA_ARGS__)
| #define showlist(...) puts (#__VA_ARGS__)
| #define report(test,...) ((test) ? puts (#test) : printf (__VA_ARGS__))
| static void
| test_varargs_macros (void)
| {
|   int x = 1234;
|   int y = 5678;
|   debug ("Flag");
|   debug ("X = %d\n", x);
|   showlist (The first, second, and third items.);
|   report (x>y, "x is %d but y is %d", x, y);
| }
| 
| // Check long long types.
| #define BIG64 18446744073709551615ull
| #define BIG32 4294967295ul
| #define BIG_OK (BIG64 / BIG32 == 4294967297ull && BIG64 % BIG32 == 0)
| #if !BIG_OK
|   your preprocessor is broken;
| #endif
| #if BIG_OK
| #else
|   your preprocessor is broken;
| #endif
| static long long int bignum = -9223372036854775807LL;
| static unsigned long long int ubignum = BIG64;
| 
| struct incomplete_array
| {
|   int datasize;
|   double data[];
| };
| 
| struct named_init {
|   int number;
|   const wchar_t *name;
|   double average;
| };
| 
| typedef const char *ccp;
| 
| static inline int
| test_restrict (ccp restrict text)
| {
|   // See if C++-style comments work.
|   // Iterate through items via the restricted pointer.
|   // Also check for declarations in for loops.
|   for (unsigned int i = 0; *(text+i) != '\0'; ++i)
|     continue;
|   return 0;
| }
| 
| // Check varargs and va_copy.
| static void
| test_varargs (const char *format, ...)
| {
|   va_list args;
|   va_start (args, format);
|   va_list args_copy;
|   va_copy (args_copy, args);
| 
|   const char *str;
|   int number;
|   float fnumber;
| 
|   while (*format)
|     {
|       switch (*format++)
| 	{
| 	case 's': // string
| 	  str = va_arg (args_copy, const char *);
| 	  break;
| 	case 'd': // int
| 	  number = va_arg (args_copy, int);
| 	  break;
| 	case 'f': // float
| 	  fnumber = va_arg (args_copy, double);
| 	  break;
| 	default:
| 	  break;
| 	}
|     }
|   va_end (args_copy);
|   va_end (args);
| }
| 
| int
| main ()
| {
| 
|   // Check bool.
|   _Bool success = false;
| 
|   // Check restrict.
|   if (test_restrict ("String literal") == 0)
|     success = true;
|   char *restrict newvar = "Another string";
| 
|   // Check varargs.
|   test_varargs ("s, d' f .", "string", 65, 34.234);
|   test_varargs_macros ();
| 
|   // Check flexible array members.
|   struct incomplete_array *ia =
|     malloc (sizeof (struct incomplete_array) + (sizeof (double) * 10));
|   ia->datasize = 10;
|   for (int i = 0; i < ia->datasize; ++i)
|     ia->data[i] = i * 1.234;
| 
|   // Check named initializers.
|   struct named_init ni = {
|     .number = 34,
|     .name = L"Test wide string",
|     .average = 543.34343,
|   };
| 
|   ni.number = 58;
| 
|   int dynamic_array[ni.number];
|   dynamic_array[ni.number - 1] = 543;
| 
|   // work around unused variable warnings
|   return (!success || bignum == 0LL || ubignum == 0uLL || newvar[0] == 'x'
| 	  || dynamic_array[ni.number - 1] != 543);
| 
|   ;
|   return 0;
| }
configure:4519: gcc -std=gnu99 -c -g -O2  conftest.c >&5
configure:4519: $? = 0
configure:4539: result: -std=gnu99
configure:4640: checking for gcc -std=gnu99 option to accept ISO Standard C
configure:4654: result: -std=gnu99
configure:4659: checking whether ln -s works
configure:4663: result: yes
configure:4670: checking whether make sets $(MAKE)
configure:4692: result: yes
configure:4703: error: cannot run /bin/bash ./config.sub

## ---------------- ##
## Cache variables. ##
## ---------------- ##

ac_cv_c_compiler_gnu=yes
ac_cv_env_CCC_set=
ac_cv_env_CCC_value=
ac_cv_env_CC_set=
ac_cv_env_CC_value=
ac_cv_env_CFLAGS_set=
ac_cv_env_CFLAGS_value=
ac_cv_env_CPPFLAGS_set=
ac_cv_env_CPPFLAGS_value=
ac_cv_env_CPP_set=
ac_cv_env_CPP_value=
ac_cv_env_CXXCPP_set=
ac_cv_env_CXXCPP_value=
ac_cv_env_CXXFLAGS_set=
ac_cv_env_CXXFLAGS_value=
ac_cv_env_CXX_set=
ac_cv_env_CXX_value=
ac_cv_env_GUILE_INSTALL_DIR_set=
ac_cv_env_GUILE_INSTALL_DIR_value=
ac_cv_env_LDFLAGS_set=
ac_cv_env_LDFLAGS_value=
ac_cv_env_LIBS_set=
ac_cv_env_LIBS_value=
ac_cv_env_MEX_INSTALL_DIR_set=
ac_cv_env_MEX_INSTALL_DIR_value=
ac_cv_env_MEX_set=
ac_cv_env_MEX_value=
ac_cv_env_MKOCTFILE_set=
ac_cv_env_MKOCTFILE_value=
ac_cv_env_M_INSTALL_DIR_set=
ac_cv_env_M_INSTALL_DIR_value=
ac_cv_env_OCT_INSTALL_DIR_set=
ac_cv_env_OCT_INSTALL_DIR_value=
ac_cv_env_PYTHON_CONFIG_set=
ac_cv_env_PYTHON_CONFIG_value=
ac_cv_env_PYTHON_set=
ac_cv_env_PYTHON_value=
ac_cv_env_build_alias_set=
ac_cv_env_build_alias_value=
ac_cv_env_host_alias_set=
ac_cv_env_host_alias_value=
ac_cv_env_target_alias_set=
ac_cv_env_target_alias_value=
ac_cv_objext=o
ac_cv_path_install='/usr/bin/install -c'
ac_cv_path_mkdir=/bin/mkdir
ac_cv_prog_AWK=gawk
ac_cv_prog_ac_ct_CC=gcc
ac_cv_prog_cc_c89=
ac_cv_prog_cc_c99=-std=gnu99
ac_cv_prog_cc_g=yes
ac_cv_prog_cc_stdc=-std=gnu99
ac_cv_prog_make_make_set=yes
am_cv_CC_dependencies_compiler_type=none
am_cv_make_support_nested_variables=yes
am_cv_prog_cc_c_o=yes

## ----------------- ##
## Output variables. ##
## ----------------- ##

ACLOCAL='${SHELL} /vagrant/obfmu/obfmu/nlopt/missing aclocal-1.14'
AMDEPBACKSLASH='\'
AMDEP_FALSE='#'
AMDEP_TRUE=''
AMTAR='$${TAR-tar}'
AM_BACKSLASH='\'
AM_DEFAULT_V='$(AM_DEFAULT_VERBOSITY)'
AM_DEFAULT_VERBOSITY='1'
AM_V='$(V)'
AR=''
AS=''
AUTOCONF='${SHELL} /vagrant/obfmu/obfmu/nlopt/missing autoconf'
AUTOHEADER='${SHELL} /vagrant/obfmu/obfmu/nlopt/missing autoheader'
AUTOMAKE='${SHELL} /vagrant/obfmu/obfmu/nlopt/missing automake-1.14'
AWK='gawk'
CC='gcc -std=gnu99'
CCDEPMODE='depmode=none'
CFLAGS='-g -O2'
CPP=''
CPPFLAGS=''
CXX=''
CXXCPP=''
CXXDEPMODE=''
CXXFLAGS=''
CYGPATH_W='echo'
DEFS=''
DEPDIR='.deps'
DLLTOOL=''
DSYMUTIL=''
DUMPBIN=''
ECHO_C=''
ECHO_N='-n'
ECHO_T=''
EGREP=''
EXEEXT=''
FGREP=''
GREP=''
GUILE=''
GUILE_CONFIG=''
GUILE_CPPFLAGS=''
GUILE_INSTALL_DIR=''
GUILE_LIBS=''
INSTALL_DATA='${INSTALL} -m 644'
INSTALL_PROGRAM='${INSTALL}'
INSTALL_SCRIPT='${INSTALL}'
INSTALL_STRIP_PROGRAM='$(install_sh) -c -s'
LD=''
LDFLAGS=''
LIBOBJS=''
LIBS=''
LIBTOOL=''
LIPO=''
LN_S='ln -s'
LTLIBOBJS=''
MAINT='#'
MAINTAINER_MODE_FALSE=''
MAINTAINER_MODE_TRUE='#'
MAKEINFO='${SHELL} /vagrant/obfmu/obfmu/nlopt/missing makeinfo'
MANIFEST_TOOL=''
MATLAB=''
MEX=''
MEXSUFF=''
MEX_INSTALL_DIR=''
MKDIR_P='/bin/mkdir -p'
MKOCTFILE=''
M_INSTALL_DIR=''
NLOPT_SUFFIX=''
NM=''
NMEDIT=''
OBJDUMP=''
OBJEXT='o'
OCTAVE=''
OCTAVE_CONFIG=''
OCT_INSTALL_DIR=''
OTOOL64=''
OTOOL=''
PACKAGE='nlopt'
PACKAGE_BUGREPORT='stevenj@alum.mit.edu'
PACKAGE_NAME='nlopt'
PACKAGE_STRING='nlopt 2.4.2'
PACKAGE_TARNAME='nlopt'
PACKAGE_URL=''
PACKAGE_VERSION='2.4.2'
PATH_SEPARATOR=':'
PYTHON=''
PYTHON_CONFIG=''
PYTHON_EXEC_PREFIX=''
PYTHON_INCLUDES=''
PYTHON_PLATFORM=''
PYTHON_PREFIX=''
PYTHON_VERSION=''
RANLIB=''
SED=''
SET_MAKE=''
SHARED_VERSION_INFO='8:2:8'
SHELL='/bin/bash'
STRIP=''
VERSION='2.4.2'
WITH_CXX_FALSE=''
WITH_CXX_TRUE=''
WITH_GUILE_FALSE=''
WITH_GUILE_TRUE=''
WITH_MATLAB_FALSE=''
WITH_MATLAB_TRUE=''
WITH_OCTAVE_FALSE=''
WITH_OCTAVE_TRUE=''
WITH_PYTHON_FALSE=''
WITH_PYTHON_TRUE=''
ac_ct_AR=''
ac_ct_CC='gcc'
ac_ct_CXX=''
ac_ct_DUMPBIN=''
am__EXEEXT_FALSE=''
am__EXEEXT_TRUE=''
am__fastdepCC_FALSE=''
am__fastdepCC_TRUE='#'
am__fastdepCXX_FALSE=''
am__fastdepCXX_TRUE=''
am__include='include'
am__isrc=''
am__leading_dot='.'
am__nodep='_no'
am__quote=''
am__tar='$${TAR-tar} chof - "$$tardir"'
am__untar='$${TAR-tar} xf -'
bindir='${exec_prefix}/bin'
build=''
build_alias=''
build_cpu=''
build_os=''
build_vendor=''
datadir='${datarootdir}'
datarootdir='${prefix}/share'
docdir='${datarootdir}/doc/${PACKAGE_TARNAME}'
dvidir='${docdir}'
exec_prefix='NONE'
host=''
host_alias=''
host_cpu=''
host_os=''
host_vendor=''
htmldir='${docdir}'
includedir='${prefix}/include'
infodir='${datarootdir}/info'
install_sh='${SHELL} /vagrant/obfmu/obfmu/nlopt/install-sh'
libdir='${exec_prefix}/lib'
libexecdir='${exec_prefix}/libexec'
localedir='${datarootdir}/locale'
localstatedir='${prefix}/var'
mandir='${datarootdir}/man'
mkdir_p='$(MKDIR_P)'
oldincludedir='/usr/include'
pdfdir='${docdir}'
pkgpyexecdir=''
pkgpythondir=''
prefix='/vagrant/obfmu/install'
program_transform_name='s,x,x,'
psdir='${docdir}'
pyexecdir=''
pythondir=''
sbindir='${exec_prefix}/sbin'
sharedstatedir='${prefix}/com'
sysconfdir='${prefix}/etc'
target_alias=''

## ----------- ##
## confdefs.h. ##
## ----------- ##

/* confdefs.h */
#define PACKAGE_NAME "nlopt"
#define PACKAGE_TARNAME "nlopt"
#define PACKAGE_VERSION "2.4.2"
#define PACKAGE_STRING "nlopt 2.4.2"
#define PACKAGE_BUGREPORT "stevenj@alum.mit.edu"
#define PACKAGE_URL ""
#define PACKAGE "nlopt"
#define VERSION "2.4.2"

configure: exit 2
